2025-05-24 15:31:53,425 - app_logger - INFO - Webhook message: {'data': {'backup_code_enabled': False, 'banned': False, 'create_organization_enabled': True, 'created_at': 1748080811130, 'delete_self_enabled': True, 'email_addresses': [{'created_at': 1748080795634, 'email_address': 'sohailworks10@gmail.com', 'id': 'idn_2xXO8uv8zF6Qzy530E3WdCaQEAo', 'linked_to': [{'id': 'idn_2xXO8sMXAlnnoV77dSYE6vVHobu', 'type': 'oauth_github'}], 'matches_sso_connection': False, 'object': 'email_address', 'reserved': False, 'updated_at': 1748080811138, 'verification': {'attempts': None, 'expire_at': None, 'status': 'verified', 'strategy': 'from_oauth_github'}}], 'enterprise_accounts': [], 'external_accounts': [{'approved_scopes': 'read:user user:email', 'avatar_url': 'https://avatars.githubusercontent.com/u/144511967?v=4', 'created_at': 1748080795625, 'email_address': 'sohailworks10@gmail.com', 'first_name': 'Md', 'id': 'eac_2xXO8vpK61fKsS54L0G5q6zHuSO', 'identification_id': 'idn_2xXO8sMXAlnnoV77dSYE6vVHobu', 'image_url': 'https://img.clerk.com/eyJ0eXBlIjoicHJveHkiLCJzcmMiOiJodHRwczovL2F2YXRhcnMuZ2l0aHVidXNlcmNvbnRlbnQuY29tL3UvMTQ0NTExOTY3P3Y9NCIsInMiOiJ3STdHU0FCTUt0VFB4cE0zTFM5UjdiY0FoNW9IRk1pT2NMamtreVYzZ3dNIn0', 'label': None, 'last_name': 'Sohail Ansari', 'object': 'external_account', 'phone_number': None, 'provider': 'oauth_github', 'provider_user_id': '144511967', 'public_metadata': {}, 'updated_at': 1748080795625, 'username': 'sohail300', 'verification': {'attempts': None, 'expire_at': 1748081388551, 'status': 'verified', 'strategy': 'oauth_github'}}], 'external_id': None, 'first_name': 'Md', 'has_image': True, 'id': 'user_2xXOAyjCD4sNMh7qv38lEJ332j2', 'image_url': 'https://img.clerk.com/eyJ0eXBlIjoicHJveHkiLCJzcmMiOiJodHRwczovL2ltYWdlcy5jbGVyay5kZXYvb2F1dGhfZ2l0aHViL2ltZ18yeFhPQXpHdHljWUR2SHQ5Smx5aVpmaG12THoifQ', 'last_active_at': 1748080811129, 'last_name': 'Sohail Ansari', 'last_sign_in_at': None, 'legal_accepted_at': None, 'locked': False, 'lockout_expires_in_seconds': None, 'mfa_disabled_at': None, 'mfa_enabled_at': None, 'object': 'user', 'passkeys': [], 'password_enabled': False, 'phone_numbers': [], 'primary_email_address_id': 'idn_2xXO8uv8zF6Qzy530E3WdCaQEAo', 'primary_phone_number_id': None, 'primary_web3_wallet_id': None, 'private_metadata': {}, 'profile_image_url': 'https://images.clerk.dev/oauth_github/img_2xXOAzGtycYDvHt9JlyiZfhmvLz', 'public_metadata': {}, 'saml_accounts': [], 'totp_enabled': False, 'two_factor_enabled': False, 'unsafe_metadata': {}, 'updated_at': 1748080811159, 'username': 'sohail300', 'verification_attempts_remaining': 100, 'web3_wallets': []}, 'event_attributes': {'http_request': {'client_ip': '2409:40e4:1359:a0ce:1c11:38d7:3db4:557e', 'user_agent': 'Mozilla/5.0 (Linux; Android 6.0; Nexus 5 Build/MRA58N) AppleWebKit/537.36 (KHTML, like Gecko) Chrome/136.0.0.0 Mobile Safari/537.36'}}, 'instance_id': 'ins_2xQIiRYdfSmFbCGIhEqxhjSxL5C', 'object': 'event', 'timestamp': 1748080811182, 'type': 'user.created'}
2025-05-24 15:44:05,952 - app_logger - INFO - Webhook message: {'data': {'backup_code_enabled': False, 'banned': False, 'create_organization_enabled': True, 'created_at': 1748080811130, 'delete_self_enabled': True, 'email_addresses': [{'created_at': 1748080795634, 'email_address': 'sohailworks10@gmail.com', 'id': 'idn_2xXO8uv8zF6Qzy530E3WdCaQEAo', 'linked_to': [{'id': 'idn_2xXO8sMXAlnnoV77dSYE6vVHobu', 'type': 'oauth_github'}], 'matches_sso_connection': False, 'object': 'email_address', 'reserved': False, 'updated_at': 1748080811138, 'verification': {'attempts': None, 'expire_at': None, 'status': 'verified', 'strategy': 'from_oauth_github'}}], 'enterprise_accounts': [], 'external_accounts': [{'approved_scopes': 'read:user user:email', 'avatar_url': 'https://avatars.githubusercontent.com/u/144511967?v=4', 'created_at': 1748080795625, 'email_address': 'sohailworks10@gmail.com', 'first_name': 'Md', 'id': 'eac_2xXO8vpK61fKsS54L0G5q6zHuSO', 'identification_id': 'idn_2xXO8sMXAlnnoV77dSYE6vVHobu', 'image_url': 'https://img.clerk.com/eyJ0eXBlIjoicHJveHkiLCJzcmMiOiJodHRwczovL2F2YXRhcnMuZ2l0aHVidXNlcmNvbnRlbnQuY29tL3UvMTQ0NTExOTY3P3Y9NCIsInMiOiJ3STdHU0FCTUt0VFB4cE0zTFM5UjdiY0FoNW9IRk1pT2NMamtreVYzZ3dNIn0', 'label': None, 'last_name': 'Sohail Ansari', 'object': 'external_account', 'phone_number': None, 'provider': 'oauth_github', 'provider_user_id': '144511967', 'public_metadata': {}, 'updated_at': 1748080795625, 'username': 'sohail300', 'verification': {'attempts': None, 'expire_at': 1748081388551, 'status': 'verified', 'strategy': 'oauth_github'}}], 'external_id': None, 'first_name': 'Md', 'has_image': True, 'id': 'user_2xXOAyjCD4sNMh7qv38lEJ332j2', 'image_url': 'https://img.clerk.com/eyJ0eXBlIjoicHJveHkiLCJzcmMiOiJodHRwczovL2ltYWdlcy5jbGVyay5kZXYvb2F1dGhfZ2l0aHViL2ltZ18yeFhPQXpHdHljWUR2SHQ5Smx5aVpmaG12THoifQ', 'last_active_at': 1748080811129, 'last_name': 'Sohail Ansari', 'last_sign_in_at': None, 'legal_accepted_at': None, 'locked': False, 'lockout_expires_in_seconds': None, 'mfa_disabled_at': None, 'mfa_enabled_at': None, 'object': 'user', 'passkeys': [], 'password_enabled': False, 'phone_numbers': [], 'primary_email_address_id': 'idn_2xXO8uv8zF6Qzy530E3WdCaQEAo', 'primary_phone_number_id': None, 'primary_web3_wallet_id': None, 'private_metadata': {}, 'profile_image_url': 'https://images.clerk.dev/oauth_github/img_2xXOAzGtycYDvHt9JlyiZfhmvLz', 'public_metadata': {}, 'saml_accounts': [], 'totp_enabled': False, 'two_factor_enabled': False, 'unsafe_metadata': {}, 'updated_at': 1748080811159, 'username': 'sohail300', 'verification_attempts_remaining': 100, 'web3_wallets': []}, 'event_attributes': {'http_request': {'client_ip': '2409:40e4:1359:a0ce:1c11:38d7:3db4:557e', 'user_agent': 'Mozilla/5.0 (Linux; Android 6.0; Nexus 5 Build/MRA58N) AppleWebKit/537.36 (KHTML, like Gecko) Chrome/136.0.0.0 Mobile Safari/537.36'}}, 'instance_id': 'ins_2xQIiRYdfSmFbCGIhEqxhjSxL5C', 'object': 'event', 'timestamp': 1748080811182, 'type': 'user.created'}
2025-05-24 15:55:20,867 - dotenv.main - WARNING - Python-dotenv could not parse statement starting at line 2
2025-05-24 15:55:20,970 - dotenv.main - WARNING - Python-dotenv could not parse statement starting at line 2
2025-05-24 15:55:20,971 - dotenv.main - WARNING - Python-dotenv could not parse statement starting at line 2
2025-05-24 15:55:29,270 - app_logger - INFO - Webhook message: {'data': {'backup_code_enabled': False, 'banned': False, 'create_organization_enabled': True, 'created_at': 1748080811130, 'delete_self_enabled': True, 'email_addresses': [{'created_at': 1748080795634, 'email_address': 'sohailworks10@gmail.com', 'id': 'idn_2xXO8uv8zF6Qzy530E3WdCaQEAo', 'linked_to': [{'id': 'idn_2xXO8sMXAlnnoV77dSYE6vVHobu', 'type': 'oauth_github'}], 'matches_sso_connection': False, 'object': 'email_address', 'reserved': False, 'updated_at': 1748080811138, 'verification': {'attempts': None, 'expire_at': None, 'status': 'verified', 'strategy': 'from_oauth_github'}}], 'enterprise_accounts': [], 'external_accounts': [{'approved_scopes': 'read:user user:email', 'avatar_url': 'https://avatars.githubusercontent.com/u/144511967?v=4', 'created_at': 1748080795625, 'email_address': 'sohailworks10@gmail.com', 'first_name': 'Md', 'id': 'eac_2xXO8vpK61fKsS54L0G5q6zHuSO', 'identification_id': 'idn_2xXO8sMXAlnnoV77dSYE6vVHobu', 'image_url': 'https://img.clerk.com/eyJ0eXBlIjoicHJveHkiLCJzcmMiOiJodHRwczovL2F2YXRhcnMuZ2l0aHVidXNlcmNvbnRlbnQuY29tL3UvMTQ0NTExOTY3P3Y9NCIsInMiOiJ3STdHU0FCTUt0VFB4cE0zTFM5UjdiY0FoNW9IRk1pT2NMamtreVYzZ3dNIn0', 'label': None, 'last_name': 'Sohail Ansari', 'object': 'external_account', 'phone_number': None, 'provider': 'oauth_github', 'provider_user_id': '144511967', 'public_metadata': {}, 'updated_at': 1748080795625, 'username': 'sohail300', 'verification': {'attempts': None, 'expire_at': 1748081388551, 'status': 'verified', 'strategy': 'oauth_github'}}], 'external_id': None, 'first_name': 'Md', 'has_image': True, 'id': 'user_2xXOAyjCD4sNMh7qv38lEJ332j2', 'image_url': 'https://img.clerk.com/eyJ0eXBlIjoicHJveHkiLCJzcmMiOiJodHRwczovL2ltYWdlcy5jbGVyay5kZXYvb2F1dGhfZ2l0aHViL2ltZ18yeFhPQXpHdHljWUR2SHQ5Smx5aVpmaG12THoifQ', 'last_active_at': 1748080811129, 'last_name': 'Sohail Ansari', 'last_sign_in_at': None, 'legal_accepted_at': None, 'locked': False, 'lockout_expires_in_seconds': None, 'mfa_disabled_at': None, 'mfa_enabled_at': None, 'object': 'user', 'passkeys': [], 'password_enabled': False, 'phone_numbers': [], 'primary_email_address_id': 'idn_2xXO8uv8zF6Qzy530E3WdCaQEAo', 'primary_phone_number_id': None, 'primary_web3_wallet_id': None, 'private_metadata': {}, 'profile_image_url': 'https://images.clerk.dev/oauth_github/img_2xXOAzGtycYDvHt9JlyiZfhmvLz', 'public_metadata': {}, 'saml_accounts': [], 'totp_enabled': False, 'two_factor_enabled': False, 'unsafe_metadata': {}, 'updated_at': 1748080811159, 'username': 'sohail300', 'verification_attempts_remaining': 100, 'web3_wallets': []}, 'event_attributes': {'http_request': {'client_ip': '2409:40e4:1359:a0ce:1c11:38d7:3db4:557e', 'user_agent': 'Mozilla/5.0 (Linux; Android 6.0; Nexus 5 Build/MRA58N) AppleWebKit/537.36 (KHTML, like Gecko) Chrome/136.0.0.0 Mobile Safari/537.36'}}, 'instance_id': 'ins_2xQIiRYdfSmFbCGIhEqxhjSxL5C', 'object': 'event', 'timestamp': 1748080811182, 'type': 'user.created'}
2025-05-24 15:57:10,407 - dotenv.main - WARNING - Python-dotenv could not parse statement starting at line 2
2025-05-24 15:57:10,479 - dotenv.main - WARNING - Python-dotenv could not parse statement starting at line 2
2025-05-24 15:57:10,479 - dotenv.main - WARNING - Python-dotenv could not parse statement starting at line 2
2025-05-24 15:58:39,252 - dotenv.main - WARNING - Python-dotenv could not parse statement starting at line 2
2025-05-24 15:58:39,337 - dotenv.main - WARNING - Python-dotenv could not parse statement starting at line 2
2025-05-24 15:58:39,337 - dotenv.main - WARNING - Python-dotenv could not parse statement starting at line 2
2025-05-24 15:59:28,330 - dotenv.main - WARNING - Python-dotenv could not parse statement starting at line 2
2025-05-24 15:59:28,403 - dotenv.main - WARNING - Python-dotenv could not parse statement starting at line 2
2025-05-24 15:59:28,404 - dotenv.main - WARNING - Python-dotenv could not parse statement starting at line 2
2025-05-24 15:59:54,601 - dotenv.main - WARNING - Python-dotenv could not parse statement starting at line 2
2025-05-24 15:59:54,679 - dotenv.main - WARNING - Python-dotenv could not parse statement starting at line 2
2025-05-24 15:59:54,679 - dotenv.main - WARNING - Python-dotenv could not parse statement starting at line 2
2025-05-24 16:00:34,023 - dotenv.main - WARNING - Python-dotenv could not parse statement starting at line 2
2025-05-24 16:00:34,095 - dotenv.main - WARNING - Python-dotenv could not parse statement starting at line 2
2025-05-24 16:00:34,095 - dotenv.main - WARNING - Python-dotenv could not parse statement starting at line 2
2025-05-24 16:02:56,241 - dotenv.main - WARNING - Python-dotenv could not parse statement starting at line 2
2025-05-24 16:02:56,320 - dotenv.main - WARNING - Python-dotenv could not parse statement starting at line 2
2025-05-24 16:02:56,320 - dotenv.main - WARNING - Python-dotenv could not parse statement starting at line 2
2025-05-24 16:03:00,743 - app_logger - INFO - Creating new user: <app.webhook.model.User object at 0x0000023BDB6A4700>
2025-05-24 16:04:15,060 - dotenv.main - WARNING - Python-dotenv could not parse statement starting at line 2
2025-05-24 16:04:15,120 - dotenv.main - WARNING - Python-dotenv could not parse statement starting at line 2
2025-05-24 16:04:15,131 - dotenv.main - WARNING - Python-dotenv could not parse statement starting at line 2
2025-05-24 16:04:18,229 - app_logger - INFO - Creating new user: <app.webhook.model.User object at 0x00000202DBD34730>
2025-05-24 16:07:13,165 - dotenv.main - WARNING - Python-dotenv could not parse statement starting at line 2
2025-05-24 16:07:13,247 - dotenv.main - WARNING - Python-dotenv could not parse statement starting at line 2
2025-05-24 16:07:13,247 - dotenv.main - WARNING - Python-dotenv could not parse statement starting at line 2
2025-05-24 16:07:18,788 - app_logger - INFO - Creating new user: <app.webhook.model.User object at 0x000001A055EA4700>
2025-05-24 16:07:18,809 - app_logger - ERROR - Database error: (psycopg2.errors.NotNullViolation) null value in column "created_at" of relation "users" violates not-null constraint
DETAIL:  Failing row contains (user_2xXOAyjCD4sNMh7qv38lEJ332j2, Md Sohail Ansari, sohailworks10@gmail.com, https://images.clerk.dev/oauth_github/img_2xXOAzGtycYDvHt9JlyiZf..., User, null).

[SQL: INSERT INTO users (id, name, email, image, role, created_at) VALUES (%(id)s, %(name)s, %(email)s, %(image)s, %(role)s, %(created_at)s)]
[parameters: {'id': 'user_2xXOAyjCD4sNMh7qv38lEJ332j2', 'name': 'Md Sohail Ansari', 'email': 'sohailworks10@gmail.com', 'image': 'https://images.clerk.dev/oauth_github/img_2xXOAzGtycYDvHt9JlyiZfhmvLz', 'role': 'User', 'created_at': None}]
(Background on this error at: https://sqlalche.me/e/20/gkpj)
2025-05-24 16:11:33,335 - dotenv.main - WARNING - Python-dotenv could not parse statement starting at line 2
2025-05-24 16:11:33,412 - dotenv.main - WARNING - Python-dotenv could not parse statement starting at line 2
2025-05-24 16:11:33,412 - dotenv.main - WARNING - Python-dotenv could not parse statement starting at line 2
2025-05-24 16:11:37,111 - app_logger - INFO - Creating new user: <app.webhook.model.User object at 0x000002E3B8404850>
2025-05-24 16:14:09,749 - app_logger - INFO - Creating new user: <app.webhook.model.User object at 0x000002E3B8406950>
2025-05-24 16:16:17,773 - dotenv.main - WARNING - Python-dotenv could not parse statement starting at line 2
2025-05-24 16:16:17,843 - dotenv.main - WARNING - Python-dotenv could not parse statement starting at line 2
2025-05-24 16:16:17,845 - dotenv.main - WARNING - Python-dotenv could not parse statement starting at line 2
2025-05-24 16:27:45,597 - dotenv.main - WARNING - Python-dotenv could not parse statement starting at line 2
2025-05-24 16:27:45,668 - dotenv.main - WARNING - Python-dotenv could not parse statement starting at line 2
2025-05-24 16:27:45,669 - dotenv.main - WARNING - Python-dotenv could not parse statement starting at line 2
2025-05-24 16:30:24,968 - dotenv.main - WARNING - Python-dotenv could not parse statement starting at line 2
2025-05-24 16:30:25,040 - dotenv.main - WARNING - Python-dotenv could not parse statement starting at line 2
2025-05-24 16:30:25,040 - dotenv.main - WARNING - Python-dotenv could not parse statement starting at line 2
2025-05-24 16:31:47,461 - dotenv.main - WARNING - Python-dotenv could not parse statement starting at line 2
2025-05-24 16:31:47,530 - dotenv.main - WARNING - Python-dotenv could not parse statement starting at line 2
2025-05-24 16:31:47,530 - dotenv.main - WARNING - Python-dotenv could not parse statement starting at line 2
2025-05-24 16:31:51,447 - dotenv.main - WARNING - Python-dotenv could not parse statement starting at line 2
2025-05-24 16:31:51,521 - dotenv.main - WARNING - Python-dotenv could not parse statement starting at line 2
2025-05-24 16:31:51,522 - dotenv.main - WARNING - Python-dotenv could not parse statement starting at line 2
2025-05-24 16:32:02,293 - dotenv.main - WARNING - Python-dotenv could not parse statement starting at line 2
2025-05-24 16:32:02,376 - dotenv.main - WARNING - Python-dotenv could not parse statement starting at line 2
2025-05-24 16:32:02,376 - dotenv.main - WARNING - Python-dotenv could not parse statement starting at line 2
2025-05-24 16:32:20,381 - dotenv.main - WARNING - Python-dotenv could not parse statement starting at line 2
2025-05-24 16:32:20,446 - dotenv.main - WARNING - Python-dotenv could not parse statement starting at line 2
2025-05-24 16:32:20,446 - dotenv.main - WARNING - Python-dotenv could not parse statement starting at line 2
2025-05-24 16:32:32,523 - dotenv.main - WARNING - Python-dotenv could not parse statement starting at line 2
2025-05-24 16:32:32,603 - dotenv.main - WARNING - Python-dotenv could not parse statement starting at line 2
2025-05-24 16:32:32,606 - dotenv.main - WARNING - Python-dotenv could not parse statement starting at line 2
2025-05-24 16:32:36,724 - dotenv.main - WARNING - Python-dotenv could not parse statement starting at line 2
2025-05-24 16:32:36,808 - dotenv.main - WARNING - Python-dotenv could not parse statement starting at line 2
2025-05-24 16:32:36,809 - dotenv.main - WARNING - Python-dotenv could not parse statement starting at line 2
2025-05-24 16:37:28,682 - dotenv.main - WARNING - Python-dotenv could not parse statement starting at line 2
2025-05-24 16:37:28,762 - dotenv.main - WARNING - Python-dotenv could not parse statement starting at line 2
2025-05-24 16:37:28,762 - dotenv.main - WARNING - Python-dotenv could not parse statement starting at line 2
